<?xml version="1.0" encoding="UTF-8"?>
<!-- Generated by org.testng.reporters.JUnitReportReporter -->
<testsuite hostname="WSAMZN-7ID4CD15" failures="1" tests="27" name="com.gapi.testCases.UsersRBAC" time="94.049" errors="0" timestamp="2023-04-04T18:51:16 IST" skipped="1">
  <testcase classname="com.gapi.testCases.UsersRBAC" name="createUserdetailsRBAC" time="0.368"/>
  <system-out/>
  <testcase classname="com.gapi.testCases.UsersRBAC" name="multipleAssetsAssociationRBAC" time="5.751"/>
  <system-out/>
  <testcase classname="com.gapi.testCases.UsersRBAC" name="sitepathAssociationRBAC" time="4.573"/>
  <system-out/>
  <testcase classname="com.gapi.testCases.UsersRBAC" name="getUserdetailsRBAC" time="0.985"/>
  <system-out/>
  <testcase classname="com.gapi.testCases.UsersRBAC" name="sitepathAssociationRBAC" time="4.876"/>
  <system-out/>
  <testcase classname="com.gapi.testCases.UsersRBAC" name="getallRolesinfoRBAC" time="0.438"/>
  <system-out/>
  <testcase classname="com.gapi.testCases.UsersRBAC" name="sitepathAssociationRBAC" time="5.119"/>
  <system-out/>
  <testcase classname="com.gapi.testCases.UsersRBAC" name="getUserdetailsRBAC" time="0.465"/>
  <system-out/>
  <testcase classname="com.gapi.testCases.UsersRBAC" name="retrieveUserAccountAssociationRBAC" time="5.455"/>
  <system-out/>
  <testcase classname="com.gapi.testCases.UsersRBAC" name="sitepathAssociationRBAC" time="4.455"/>
  <system-out/>
  <testcase classname="com.gapi.testCases.UsersRBAC" name="createUserwithoutmandatoryparametersRBAC" time="0.366"/>
  <system-out/>
  <testcase classname="com.gapi.testCases.UsersRBAC" name="userAccountAssociationRBAC" time="7.533"/>
  <system-out/>
  <testcase classname="com.gapi.testCases.UsersRBAC" name="getallRolesinfoRBAC" time="0.422"/>
  <system-out/>
  <testcase classname="com.gapi.testCases.UsersRBAC" name="multipleAssetsAssociationRBAC" time="7.103"/>
  <system-out/>
  <testcase classname="com.gapi.testCases.UsersRBAC" name="retrieveUsercommentsRemoteHandsTicketRBAC" time="1.731">
    <failure message="expected [201] but found [401]" type="java.lang.AssertionError">
      <![CDATA[java.lang.AssertionError: expected [201] but found [401]
at org.testng.Assert.fail(Assert.java:99)
at org.testng.Assert.failNotEquals(Assert.java:1037)
at org.testng.Assert.assertEqualsImpl(Assert.java:140)
at org.testng.Assert.assertEquals(Assert.java:122)
at org.testng.Assert.assertEquals(Assert.java:629)
at org.testng.Assert.assertEquals(Assert.java:639)
at com.gapi.testCases.UsersRBAC.retrieveUsercommentsRemoteHandsTicketRBAC(UsersRBAC.java:254)
at java.base/jdk.internal.reflect.NativeMethodAccessorImpl.invoke0(Native Method)
at java.base/jdk.internal.reflect.NativeMethodAccessorImpl.invoke(NativeMethodAccessorImpl.java:77)
at java.base/jdk.internal.reflect.DelegatingMethodAccessorImpl.invoke(DelegatingMethodAccessorImpl.java:43)
at java.base/java.lang.reflect.Method.invoke(Method.java:568)
at org.testng.internal.MethodInvocationHelper.invokeMethod(MethodInvocationHelper.java:133)
at org.testng.internal.TestInvoker.invokeMethod(TestInvoker.java:598)
at org.testng.internal.TestInvoker.retryFailed(TestInvoker.java:213)
at org.testng.internal.MethodRunner.runInSequence(MethodRunner.java:58)
at org.testng.internal.TestInvoker$MethodInvocationAgent.invoke(TestInvoker.java:824)
at org.testng.internal.TestInvoker.invokeTestMethods(TestInvoker.java:146)
at org.testng.internal.TestMethodWorker.invokeTestMethods(TestMethodWorker.java:146)
at org.testng.internal.TestMethodWorker.run(TestMethodWorker.java:128)
at java.base/java.util.ArrayList.forEach(ArrayList.java:1511)
at org.testng.TestRunner.privateRun(TestRunner.java:794)
at org.testng.TestRunner.run(TestRunner.java:596)
at org.testng.SuiteRunner.runTest(SuiteRunner.java:377)
at org.testng.SuiteRunner.runSequentially(SuiteRunner.java:371)
at org.testng.SuiteRunner.privateRun(SuiteRunner.java:332)
at org.testng.SuiteRunner.run(SuiteRunner.java:276)
at org.testng.SuiteRunnerWorker.runSuite(SuiteRunnerWorker.java:53)
at org.testng.SuiteRunnerWorker.run(SuiteRunnerWorker.java:96)
at org.testng.TestNG.runSuitesSequentially(TestNG.java:1212)
at org.testng.TestNG.runSuitesLocally(TestNG.java:1134)
at org.testng.TestNG.runSuites(TestNG.java:1063)
at org.testng.TestNG.run(TestNG.java:1031)
at org.testng.remote.AbstractRemoteTestNG.run(AbstractRemoteTestNG.java:115)
at org.testng.remote.RemoteTestNG.initAndRun(RemoteTestNG.java:251)
at org.testng.remote.RemoteTestNG.main(RemoteTestNG.java:77)
]]>
    </failure>
  </testcase> <!-- retrieveUsercommentsRemoteHandsTicketRBAC -->
  <system-out/>
  <testcase classname="com.gapi.testCases.UsersRBAC" name="sitepathAssociationRBAC" time="4.962"/>
  <system-out/>
  <testcase classname="com.gapi.testCases.UsersRBAC" name="sitepathAssociationRBAC" time="6.278"/>
  <system-out/>
  <testcase classname="com.gapi.testCases.UsersRBAC" name="getallRolesinfoRBACinvalid" time="0.383"/>
  <system-out/>
  <testcase classname="com.gapi.testCases.UsersRBAC" name="sitepathAssociationRBAC" time="4.466"/>
  <system-out/>
  <testcase classname="com.gapi.testCases.UsersRBAC" name="userAccountAssociationRBAC" time="5.203"/>
  <system-out/>
  <testcase classname="com.gapi.testCases.UsersRBAC" name="retrieveUsercommentsRemoteHandsTicketRBAC" time="1.761">
    <skipped/>
  </testcase> <!-- retrieveUsercommentsRemoteHandsTicketRBAC -->
  <system-out/>
  <testcase classname="com.gapi.testCases.UsersRBAC" name="createUserdetailsRBAC" time="0.473"/>
  <system-out/>
  <testcase classname="com.gapi.testCases.UsersRBAC" name="sitepathAssociationRBAC" time="5.350"/>
  <system-out/>
  <testcase classname="com.gapi.testCases.UsersRBAC" name="sitepathAssociationRBAC" time="5.585"/>
  <system-out/>
  <testcase classname="com.gapi.testCases.UsersRBAC" name="createUserwithoutmandatoryparametersRBAC" time="0.421"/>
  <system-out/>
  <testcase classname="com.gapi.testCases.UsersRBAC" name="sitepathAssociationRBAC" time="4.277"/>
  <system-out/>
  <testcase classname="com.gapi.testCases.UsersRBAC" name="sitepathAssociationRBAC" time="5.250"/>
  <system-out/>
</testsuite> <!-- com.gapi.testCases.UsersRBAC -->
